0 info it worked if it ends with ok
1 verbose cli [ 'node',
1 verbose cli   '/usr/local/bin/npm',
1 verbose cli   'install',
1 verbose cli   'yourMissingDependency' ]
2 info using npm@1.4.15
3 info using node@v0.10.28
4 verbose node symlink /usr/local/bin/node
5 warn package.json util@0.10.3 util is also the name of a node core module.
6 verbose cache add [ 'yourMissingDependency', null ]
7 verbose cache add name=undefined spec="yourMissingDependency" args=["yourMissingDependency",null]
8 verbose parsed url { protocol: null,
8 verbose parsed url   slashes: null,
8 verbose parsed url   auth: null,
8 verbose parsed url   host: null,
8 verbose parsed url   port: null,
8 verbose parsed url   hostname: null,
8 verbose parsed url   hash: null,
8 verbose parsed url   search: null,
8 verbose parsed url   query: null,
8 verbose parsed url   pathname: 'yourMissingDependency',
8 verbose parsed url   path: 'yourMissingDependency',
8 verbose parsed url   href: 'yourMissingDependency' }
9 silly lockFile 3ac30e48-yourMissingDependency yourMissingDependency
10 verbose lock yourMissingDependency /Users/user/.npm/3ac30e48-yourMissingDependency.lock
11 silly lockFile 3ac30e48-yourMissingDependency yourMissingDependency
12 silly lockFile 3ac30e48-yourMissingDependency yourMissingDependency
13 verbose addNamed [ 'yourMissingDependency', '' ]
14 verbose addNamed [ null, '*' ]
15 silly lockFile 2e474c00-yourMissingDependency yourMissingDependency@
16 verbose lock yourMissingDependency@ /Users/user/.npm/2e474c00-yourMissingDependency.lock
17 silly addNameRange { name: 'yourMissingDependency', range: '*', hasData: false }
18 verbose url raw yourMissingDependency
19 verbose url resolving [ 'http://registry.npmjs.org/', './yourMissingDependency' ]
20 verbose url resolved http://registry.npmjs.org/yourMissingDependency
21 info trying registry request attempt 1 at 15:48:36
22 http GET http://registry.npmjs.org/yourMissingDependency
23 http 404 http://registry.npmjs.org/yourMissingDependency
24 verbose headers { server: 'CouchDB/1.5.0 (Erlang OTP/R16B03)',
24 verbose headers   'content-type': 'application/json',
24 verbose headers   'cache-control': 'max-age=0',
24 verbose headers   'content-length': '52',
24 verbose headers   'accept-ranges': 'bytes',
24 verbose headers   date: 'Tue, 15 Jul 2014 19:48:36 GMT',
24 verbose headers   via: '1.1 varnish',
24 verbose headers   age: '0',
24 verbose headers   connection: 'keep-alive',
24 verbose headers   'x-served-by': 'cache-lax1426-LAX',
24 verbose headers   'x-cache': 'MISS',
24 verbose headers   'x-cache-hits': '0',
24 verbose headers   'x-timer': 'S1405453716.757932,VS0,VE76' }
25 silly registry.get cb [ 404,
25 silly registry.get   { server: 'CouchDB/1.5.0 (Erlang OTP/R16B03)',
25 silly registry.get     'content-type': 'application/json',
25 silly registry.get     'cache-control': 'max-age=0',
25 silly registry.get     'content-length': '52',
25 silly registry.get     'accept-ranges': 'bytes',
25 silly registry.get     date: 'Tue, 15 Jul 2014 19:48:36 GMT',
25 silly registry.get     via: '1.1 varnish',
25 silly registry.get     age: '0',
25 silly registry.get     connection: 'keep-alive',
25 silly registry.get     'x-served-by': 'cache-lax1426-LAX',
25 silly registry.get     'x-cache': 'MISS',
25 silly registry.get     'x-cache-hits': '0',
25 silly registry.get     'x-timer': 'S1405453716.757932,VS0,VE76' } ]
26 silly lockFile 2e474c00-yourMissingDependency yourMissingDependency@
27 silly lockFile 2e474c00-yourMissingDependency yourMissingDependency@
28 error 404 404 Not Found: yourMissingDependency
28 error 404
28 error 404 'yourMissingDependency' is not in the npm registry.
28 error 404 You should bug the author to publish it
28 error 404
28 error 404 Note that you can also install from a
28 error 404 tarball, folder, or http url, or git url.
29 error System Darwin 13.1.0
30 error command "node" "/usr/local/bin/npm" "install" "yourMissingDependency"
31 error cwd /Users/user/Downloads/twitterDataApp
32 error node -v v0.10.28
33 error npm -v 1.4.15
34 error code E404
35 verbose exit [ 1, true ]
